<?xml version="1.0" encoding="UTF-8" ?>
<testsuite errors="0" failures="0" hostname="scott-daviss-macbook-pro-15.local" name="UnderscoreCodecTests" tests="2" time="0.131" timestamp="2008-12-19T07:03:41">
  <properties />
  <testcase classname="UnderscoreCodecTests" name="testEncode" time="0.0020" />
  <testcase classname="UnderscoreCodecTests" name="testDecode" time="0.0" />
  <system-out><![CDATA[--Output from testEncode--
--Output from testDecode--
]]></system-out>
  <system-err><![CDATA[--Output from testEncode--
--Output from testDecode--
]]></system-err>
</testsuite>
